# JRE version: OpenJDK Runtime Environment OpenLogic-OpenJDK (17.0.14+7) (build 17.0.14+7-adhoc..jdk17u)
# Java VM: OpenJDK 64-Bit Server VM OpenLogic-OpenJDK (17.0.14+7-adhoc..jdk17u, mixed mode, sharing, tiered, compressed oops, compressed class ptrs, g1 gc, windows-amd64)
GC Precious Log:
 CPUs: 4 total, 4 available
 Memory: 8071M
 Large Page Support: Disabled
 NUMA Support: Disabled
 Compressed Oops: Enabled (32-bit)
 Heap Region Size: 1M
 Heap Min Capacity: 8M
 Heap Initial Capacity: 128M
 Heap Max Capacity: 2018M
 Pre-touch: Disabled
 Parallel Workers: 4
 Concurrent Workers: 1
 Concurrent Refinement Workers: 4
 Periodic GC: Disabled
Heap:
 garbage-first heap   total 71680K, used 47083K [0x0000000081e00000, 0x0000000100000000)
  region size 1024K, 10 young (10240K), 2 survivors (2048K)
 Metaspace       used 77305K, committed 77952K, reserved 1179648K
  class space    used 10652K, committed 10944K, reserved 1048576K
GC Heap History (20 events):
Event: 28.459 GC heap before
{Heap before GC invocations=19 (full 0):
 garbage-first heap   total 63488K, used 51085K [0x0000000081e00000, 0x0000000100000000)
  region size 1024K, 22 young (22528K), 2 survivors (2048K)
 Metaspace       used 64167K, committed 64704K, reserved 1114112K
  class space    used 8836K, committed 9088K, reserved 1048576K
}
Event: 28.467 GC heap after
{Heap after GC invocations=20 (full 0):
 garbage-first heap   total 63488K, used 31283K [0x0000000081e00000, 0x0000000100000000)
  region size 1024K, 3 young (3072K), 3 survivors (3072K)
 Metaspace       used 64167K, committed 64704K, reserved 1114112K
  class space    used 8836K, committed 9088K, reserved 1048576K
}
Event: 29.526 GC heap before
{Heap before GC invocations=20 (full 0):
 garbage-first heap   total 63488K, used 50739K [0x0000000081e00000, 0x0000000100000000)
  region size 1024K, 22 young (22528K), 3 survivors (3072K)
 Metaspace       used 66989K, committed 67584K, reserved 1114112K
  class space    used 9120K, committed 9408K, reserved 1048576K
}
Event: 29.539 GC heap after
{Heap after GC invocations=21 (full 0):
 garbage-first heap   total 63488K, used 32749K [0x0000000081e00000, 0x0000000100000000)
  region size 1024K, 3 young (3072K), 3 survivors (3072K)
 Metaspace       used 66989K, committed 67584K, reserved 1114112K
  class space    used 9120K, committed 9408K, reserved 1048576K
}
Event: 30.746 GC heap before
{Heap before GC invocations=22 (full 0):
 garbage-first heap   total 63488K, used 51181K [0x0000000081e00000, 0x0000000100000000)
  region size 1024K, 21 young (21504K), 3 survivors (3072K)
 Metaspace       used 69063K, committed 69696K, reserved 1114112K
  class space    used 9478K, committed 9792K, reserved 1048576K
}
Event: 30.758 GC heap after
{Heap after GC invocations=23 (full 0):
 garbage-first heap   total 63488K, used 33976K [0x0000000081e00000, 0x0000000100000000)
  region size 1024K, 2 young (2048K), 2 survivors (2048K)
 Metaspace       used 69063K, committed 69696K, reserved 1114112K
  class space    used 9478K, committed 9792K, reserved 1048576K
}
Event: 31.952 GC heap before
{Heap before GC invocations=23 (full 0):
 garbage-first heap   total 63488K, used 50360K [0x0000000081e00000, 0x0000000100000000)
  region size 1024K, 19 young (19456K), 2 survivors (2048K)
 Metaspace       used 70017K, committed 70656K, reserved 1114112K
  class space    used 9597K, committed 9920K, reserved 1048576K
}
Event: 31.963 GC heap after
{Heap after GC invocations=24 (full 0):
 garbage-first heap   total 63488K, used 35167K [0x0000000081e00000, 0x0000000100000000)
  region size 1024K, 3 young (3072K), 3 survivors (3072K)
 Metaspace       used 70017K, committed 70656K, reserved 1114112K
  class space    used 9597K, committed 9920K, reserved 1048576K
}
Event: 33.025 GC heap before
{Heap before GC invocations=25 (full 0):
 garbage-first heap   total 63488K, used 51551K [0x0000000081e00000, 0x0000000100000000)
  region size 1024K, 19 young (19456K), 3 survivors (3072K)
 Metaspace       used 71053K, committed 71616K, reserved 1114112K
  class space    used 9745K, committed 10048K, reserved 1048576K
}
Event: 33.036 GC heap after
{Heap after GC invocations=26 (full 0):
 garbage-first heap   total 63488K, used 36359K [0x0000000081e00000, 0x0000000100000000)
  region size 1024K, 3 young (3072K), 3 survivors (3072K)
 Metaspace       used 71053K, committed 71616K, reserved 1114112K
  class space    used 9745K, committed 10048K, reserved 1048576K
}
Event: 34.481 GC heap before
{Heap before GC invocations=26 (full 0):
 garbage-first heap   total 63488K, used 51719K [0x0000000081e00000, 0x0000000100000000)
  region size 1024K, 18 young (18432K), 3 survivors (3072K)
 Metaspace       used 71851K, committed 72512K, reserved 1114112K
  class space    used 9864K, committed 10176K, reserved 1048576K
}
Event: 34.492 GC heap after
{Heap after GC invocations=27 (full 0):
 garbage-first heap   total 63488K, used 37407K [0x0000000081e00000, 0x0000000100000000)
  region size 1024K, 3 young (3072K), 3 survivors (3072K)
 Metaspace       used 71851K, committed 72512K, reserved 1114112K
  class space    used 9864K, committed 10176K, reserved 1048576K
}
Event: 36.428 GC heap before
{Heap before GC invocations=28 (full 0):
 garbage-first heap   total 66560K, used 51743K [0x0000000081e00000, 0x0000000100000000)
  region size 1024K, 17 young (17408K), 3 survivors (3072K)
 Metaspace       used 72285K, committed 72896K, reserved 1114112K
  class space    used 9934K, committed 10240K, reserved 1048576K
}
Event: 36.437 GC heap after
{Heap after GC invocations=29 (full 0):
 garbage-first heap   total 66560K, used 38036K [0x0000000081e00000, 0x0000000100000000)
  region size 1024K, 2 young (2048K), 2 survivors (2048K)
 Metaspace       used 72285K, committed 72896K, reserved 1114112K
  class space    used 9934K, committed 10240K, reserved 1048576K
}
Event: 38.781 GC heap before
{Heap before GC invocations=29 (full 0):
 garbage-first heap   total 66560K, used 55444K [0x0000000081e00000, 0x0000000100000000)
  region size 1024K, 19 young (19456K), 2 survivors (2048K)
 Metaspace       used 73614K, committed 74240K, reserved 1114112K
  class space    used 10128K, committed 10432K, reserved 1048576K
}
Event: 38.791 GC heap after
{Heap after GC invocations=30 (full 0):
 garbage-first heap   total 66560K, used 39241K [0x0000000081e00000, 0x0000000100000000)
  region size 1024K, 2 young (2048K), 2 survivors (2048K)
 Metaspace       used 73614K, committed 74240K, reserved 1114112K
  class space    used 10128K, committed 10432K, reserved 1048576K
}
Event: 40.109 GC heap before
{Heap before GC invocations=31 (full 0):
 garbage-first heap   total 70656K, used 55625K [0x0000000081e00000, 0x0000000100000000)
  region size 1024K, 18 young (18432K), 2 survivors (2048K)
 Metaspace       used 74546K, committed 75200K, reserved 1114112K
  class space    used 10274K, committed 10560K, reserved 1048576K
}
Event: 40.120 GC heap after
{Heap after GC invocations=32 (full 0):
 garbage-first heap   total 70656K, used 40394K [0x0000000081e00000, 0x0000000100000000)
  region size 1024K, 3 young (3072K), 3 survivors (3072K)
 Metaspace       used 74546K, committed 75200K, reserved 1114112K
  class space    used 10274K, committed 10560K, reserved 1048576K
}
Event: 173.370 GC heap before
{Heap before GC invocations=32 (full 0):
 garbage-first heap   total 70656K, used 58826K [0x0000000081e00000, 0x0000000100000000)
  region size 1024K, 21 young (21504K), 3 survivors (3072K)
 Metaspace       used 75868K, committed 76544K, reserved 1179648K
  class space    used 10477K, committed 10816K, reserved 1048576K
}
Event: 173.381 GC heap after
{Heap after GC invocations=33 (full 0):
 garbage-first heap   total 70656K, used 40939K [0x0000000081e00000, 0x0000000100000000)
  region size 1024K, 2 young (2048K), 2 survivors (2048K)
 Metaspace       used 75868K, committed 76544K, reserved 1179648K
  class space    used 10477K, committed 10816K, reserved 1048576K
}

